<?xml version="1.0" encoding="UTF-8" ?>
<testsuite errors="0" failures="0" hostname="U2-DPE-CPB-0058" name="com.palmetto.testautomation.regression.PalmettoLoginRegressionTests" skipped="0" tests="1" time="126.285" timestamp="2015-06-02T06:35:08">
  <properties>
[...]
</properties>
  <testcase classname="com.palmetto.testautomation.regression.PalmettoLoginRegressionTests" name="LogInToPalmetto" time="125.795" />
  <system-out><![CDATA[]]></system-out>
  <system-err><![CDATA[Starting ChromeDriver (v2.8.241075) on port 11367
log4j:WARN No appenders could be found for logger (org.apache.http.client.protocol.RequestAddCookies).
log4j:WARN Please initialize the log4j system properly.
log4j:WARN See http://logging.apache.org/log4j/1.2/faq.html#noconfig for more info.
]]></system-err>
</testsuite>
